Build started 12/16/2012 8:05:03 PM.
     1>Project "C:\Documents and Settings\Kaef\Moje dokumenty\FTIMSGame\Test\Game\Game.vcxproj" on node 3 (build target(s)).
     1>InitializeBuildStatus:
         Creating "Debug\Game.unsuccessfulbuild" because "AlwaysCreate" was specified.
       ClCompile:
         C:\Program Files\Microsoft Visual Studio 10.0\VC\bin\CL.exe /c /ZI /nologo /W3 /WX- /Od /Oy- /D WIN32 /D _DEBUG /D _WINDOWS /D _UNICODE /D UNICODE /Gm /EHsc /RTC1 /MDd /GS /fp:precise /Zc:wchar_t /Zc:forScope /Fo"Debug\\" /Fd"Debug\vc100.pdb" /Gd /TP /analyze- /errorReport:prompt main.cpp MenuState.cpp
         MenuState.cpp
         main.cpp
         Generating Code...
       ManifestResourceCompile:
         C:\Program Files\Microsoft SDKs\Windows\v7.0A\bin\rc.exe /nologo /fo"Debug\Game.exe.embed.manifest.res" Debug\Game_manifest.rc 
       Link:
         C:\Program Files\Microsoft Visual Studio 10.0\VC\bin\link.exe /ERRORREPORT:PROMPT /OUT:"C:\Documents and Settings\Kaef\Moje dokumenty\FTIMSGame\Test\Debug\Game.exe" /INCREMENTAL /NOLOGO opengl32.lib glu32.lib kernel32.lib user32.lib gdi32.lib winspool.lib comdlg32.lib advapi32.lib shell32.lib ole32.lib oleaut32.lib uuid.lib odbc32.lib odbccp32.lib /MANIFEST /ManifestFile:"Debug\Game.exe.intermediate.manifest" /MANIFESTUAC:"level='asInvoker' uiAccess='false'" /DEBUG /PDB:"C:\Documents and Settings\Kaef\Moje dokumenty\FTIMSGame\Test\Debug\Game.pdb" /SUBSYSTEM:WINDOWS /TLBID:1 /DYNAMICBASE /NXCOMPAT /IMPLIB:"C:\Documents and Settings\Kaef\Moje dokumenty\FTIMSGame\Test\Debug\Game.lib" /MACHINE:X86 Debug\Game.exe.embed.manifest.res
         Debug\main.obj
         Debug\MenuState.obj
         "C:\Documents and Settings\Kaef\Moje dokumenty\FTIMSGame\Test\Debug\Engine.lib"
       Manifest:
         C:\Program Files\Microsoft SDKs\Windows\v7.0A\bin\mt.exe /nologo /verbose /out:"Debug\Game.exe.embed.manifest" /manifest Debug\Game.exe.intermediate.manifest
         All outputs are up-to-date.
       LinkEmbedManifest:
         All outputs are up-to-date.
         Game.vcxproj -> C:\Documents and Settings\Kaef\Moje dokumenty\FTIMSGame\Test\Debug\Game.exe
       FinalizeBuildStatus:
         Deleting file "Debug\Game.unsuccessfulbuild".
         Touching "Debug\Game.lastbuildstate".
     1>Done Building Project "C:\Documents and Settings\Kaef\Moje dokumenty\FTIMSGame\Test\Game\Game.vcxproj" (build target(s)).

Build succeeded.

Time Elapsed 00:00:07.98
